{"logTime": "1116/104344", "correlationVector":"2c5o6vXWl+htKSS8SyaSDp.0","action":"FeedSettingFetch_homeCloud", "result":"0", "context":{}}
{"logTime": "1116/104344", "correlationVector":"P+MJhjHcQw7aPfLa4d4yx5.1","action":"SyncServerConnectionManagerRequest", "result":"SYNC_SERVER_OK", "context":{"environment":"Prod_SoutheastAsia_000j", "migrationStage":"NotStarted", "server":"GENERAL0100000N"}}
{"logTime": "1116/104344", "correlationVector":"P+MJhjHcQw7aPfLa4d4yx5","action":"Initial GetUpdates", "result":"", "context":Reason: NEW_CLIENT. cV=P+MJhjHcQw7aPfLa4d4yx5}
{"logTime": "1116/104344", "correlationVector":"P+MJhjHcQw7aPfLa4d4yx5.2","action":"GetUpdates Response", "result":"SYNCER_OK", "context":Received 1 update(s). cV=P+MJhjHcQw7aPfLa4d4yx5.0;server=GENERAL0100000N;cloudType=Consumer;environment=Prod_SoutheastAsia_000j;migrationStage=NotStarted}
{"logTime": "1116/104348", "correlationVector":"p5F4egEyZTXBrwmpFBkxPn","action":"SyncServerConnectionManagerRequest", "result":"SYNC_SERVER_OK", "context":{"environment":"", "migrationStage":"", "server":""}}
{"logTime": "1116/104348", "correlationVector":"efzeUu2o/R25Phc69u2Yvj","action":"Initial GetUpdates", "result":"", "context":Reason: NEW_CLIENT. cV=efzeUu2o/R25Phc69u2Yvj}
{"logTime": "1116/104348", "correlationVector":"efzeUu2o/R25Phc69u2Yvj.1","action":"SyncServerConnectionManagerRequest", "result":"SYNC_SERVER_OK", "context":{"environment":"Prod_SoutheastAsia_000j", "migrationStage":"NotStarted", "server":"GENERAL0100000O"}}
{"logTime": "1116/104348", "correlationVector":"efzeUu2o/R25Phc69u2Yvj.2","action":"GetUpdates Response", "result":"SYNCER_OK", "context":Received 1 update(s). cV=efzeUu2o/R25Phc69u2Yvj.0;server=GENERAL0100000O;cloudType=Consumer;environment=Prod_SoutheastAsia_000j;migrationStage=NotStarted}
{"logTime": "1116/104348", "correlationVector":"d4nh6re04gfb/ZR64/1H7l","action":"Normal GetUpdate request", "result":"", "context":cV=d4nh6re04gfb/ZR64/1H7l
Nudged types: Device Info, User Consents
Refresh requested types: Device Info, User Consents, Send Tab To Self, Encryption Keys}
{"logTime": "1116/104348", "correlationVector":"d4nh6re04gfb/ZR64/1H7l.1","action":"SyncServerConnectionManagerRequest", "result":"SYNC_SERVER_OK", "context":{"environment":"Prod_SoutheastAsia_000j", "migrationStage":"NotStarted", "server":"GENERAL01000013"}}
{"logTime": "1116/104348", "correlationVector":"d4nh6re04gfb/ZR64/1H7l.2","action":"GetUpdates Response", "result":"SYNCER_OK", "context":Received 0 update(s). cV=d4nh6re04gfb/ZR64/1H7l.0;server=GENERAL01000013;cloudType=Consumer;environment=Prod_SoutheastAsia_000j;migrationStage=NotStarted}
{"logTime": "1116/104348", "correlationVector":"+9Z5IuE6FQhLWWf/RBNvuf","action":"Commit Request", "result":"", "context":Item count: 1
Contributing types: Device Info}
{"logTime": "1116/104349", "correlationVector":"+9Z5IuE6FQhLWWf/RBNvuf.1","action":"SyncServerConnectionManagerRequest", "result":"SYNC_SERVER_OK", "context":{"environment":"Prod_SoutheastAsia_000j", "migrationStage":"NotStarted", "server":"GENERAL0100000Y"}}
{"logTime": "1116/104349", "correlationVector":"+9Z5IuE6FQhLWWf/RBNvuf.2","action":"Commit Response", "result":"SYNCER_OK", "context":Result: SYNCER_OK. cV=+9Z5IuE6FQhLWWf/RBNvuf.0;server=GENERAL0100000Y;cloudType=Consumer;environment=Prod_SoutheastAsia_000j;migrationStage=NotStarted}
{"logTime": "1116/104349", "correlationVector":"wX5hmzYsqjX1q1i4YB8Ssl","action":"Commit Request", "result":"", "context":Item count: 2
Contributing types: User Consents}
{"logTime": "1116/104350", "correlationVector":"wX5hmzYsqjX1q1i4YB8Ssl.1","action":"SyncServerConnectionManagerRequest", "result":"SYNC_SERVER_OK", "context":{"environment":"Prod_SoutheastAsia_000j", "migrationStage":"NotStarted", "server":"GENERAL0100001C"}}
{"logTime": "1116/104350", "correlationVector":"wX5hmzYsqjX1q1i4YB8Ssl.2","action":"Commit Response", "result":"SYNCER_OK", "context":Result: SYNCER_OK. cV=wX5hmzYsqjX1q1i4YB8Ssl.0;server=GENERAL0100001C;cloudType=Consumer;environment=Prod_SoutheastAsia_000j;migrationStage=NotStarted}
